app/build/intermediates/manifest_merge_blame_file/debug/manifest-merger-blame-debug-report.txt
1<?xml version="1.0" encoding="utf-8"?>
2<manifest xmlns:android="http://schemas.android.com/apk/res/android"
3    package="com.example.covid19_vaccine_management_system"
4    android:versionCode="1"
5    android:versionName="1.0" >
6
7    <uses-sdk
8        android:minSdkVersion="22"
8-->src\main\AndroidManifest.xml
9        android:targetSdkVersion="30" />
9-->src\main\AndroidManifest.xml
10
11    <uses-permission android:name="android.permission.INTERNET" />
11-->src\main\AndroidManifest.xml:5:5-67
11-->src\main\AndroidManifest.xml:5:22-64
12
13    <!-- Although the *SdkVersion is captured in gradle build files, this is required for non gradle builds -->
14    <!-- <uses-sdk android:minSdkVersion="14"/> -->
15    <uses-permission android:name="android.permission.ACCESS_NETWORK_STATE" />
15-->[com.google.firebase:firebase-database:19.6.0] AndroidManifest.xml:25:5-79
15-->[com.google.firebase:firebase-database:19.6.0] AndroidManifest.xml:25:22-76
16
17    <application
17-->src\main\AndroidManifest.xml:7:5-46:19
18        android:allowBackup="true"
18-->src\main\AndroidManifest.xml:8:9-35
19        android:appComponentFactory="androidx.core.app.CoreComponentFactory"
19-->[androidx.core:core:1.3.1] AndroidManifest.xml:24:18-86
20        android:debuggable="true"
21        android:icon="@mipmap/ic_launcher"
21-->src\main\AndroidManifest.xml:9:9-43
22        android:label="@string/app_name"
22-->src\main\AndroidManifest.xml:10:9-41
23        android:roundIcon="@mipmap/ic_launcher_round"
23-->src\main\AndroidManifest.xml:11:9-54
24        android:supportsRtl="true"
24-->src\main\AndroidManifest.xml:12:9-35
25        android:testOnly="true"
26        android:theme="@style/Theme.Covid19_vaccine_management_system"
26-->src\main\AndroidManifest.xml:13:9-71
27        android:usesCleartextTraffic="true" >
27-->src\main\AndroidManifest.xml:14:9-44
28        <activity android:name="com.example.covid19_vaccine_management_system.aboutVaccine" />
28-->src\main\AndroidManifest.xml:15:9-59
28-->src\main\AndroidManifest.xml:15:19-47
29        <activity android:name="com.example.covid19_vaccine_management_system.item2" />
29-->src\main\AndroidManifest.xml:16:9-43
29-->src\main\AndroidManifest.xml:16:19-40
30        <activity android:name="com.example.covid19_vaccine_management_system.Reviews" />
30-->src\main\AndroidManifest.xml:17:9-45
30-->src\main\AndroidManifest.xml:17:19-42
31        <activity android:name="com.example.covid19_vaccine_management_system.VaccinationUpdates" />
31-->src\main\AndroidManifest.xml:18:9-56
31-->src\main\AndroidManifest.xml:18:19-53
32        <activity android:name="com.example.covid19_vaccine_management_system.Adminedit" />
32-->src\main\AndroidManifest.xml:19:9-47
32-->src\main\AndroidManifest.xml:19:19-44
33        <activity android:name="com.example.covid19_vaccine_management_system.Usersurvey" />
33-->src\main\AndroidManifest.xml:20:9-48
33-->src\main\AndroidManifest.xml:20:19-45
34        <activity android:name="com.example.covid19_vaccine_management_system.adminsearch" />
34-->src\main\AndroidManifest.xml:21:9-49
34-->src\main\AndroidManifest.xml:21:19-46
35        <activity android:name="com.example.covid19_vaccine_management_system.item" />
35-->src\main\AndroidManifest.xml:22:9-42
35-->src\main\AndroidManifest.xml:22:19-39
36        <activity android:name="com.example.covid19_vaccine_management_system.showdata" />
36-->src\main\AndroidManifest.xml:23:9-46
36-->src\main\AndroidManifest.xml:23:19-43
37        <activity android:name="com.example.covid19_vaccine_management_system.adminmenu" />
37-->src\main\AndroidManifest.xml:24:9-47
37-->src\main\AndroidManifest.xml:24:19-44
38        <activity android:name="com.example.covid19_vaccine_management_system.adminloginscn" />
38-->src\main\AndroidManifest.xml:25:9-51
38-->src\main\AndroidManifest.xml:25:19-48
39        <activity android:name="com.example.covid19_vaccine_management_system.Aboutapp" />
39-->src\main\AndroidManifest.xml:26:9-46
39-->src\main\AndroidManifest.xml:26:19-43
40        <activity android:name="com.example.covid19_vaccine_management_system.forgetpasswindow" />
40-->src\main\AndroidManifest.xml:27:9-54
40-->src\main\AndroidManifest.xml:27:19-51
41        <activity android:name="com.example.covid19_vaccine_management_system.Menulocation" />
41-->src\main\AndroidManifest.xml:28:9-50
41-->src\main\AndroidManifest.xml:28:19-47
42        <activity android:name="com.example.covid19_vaccine_management_system.Userprofile" />
42-->src\main\AndroidManifest.xml:29:9-49
42-->src\main\AndroidManifest.xml:29:19-46
43        <activity android:name="com.example.covid19_vaccine_management_system.Otpverification" />
43-->src\main\AndroidManifest.xml:30:9-53
43-->src\main\AndroidManifest.xml:30:19-50
44        <activity android:name="com.example.covid19_vaccine_management_system.Maindashboard" />
44-->src\main\AndroidManifest.xml:31:9-51
44-->src\main\AndroidManifest.xml:31:19-48
45        <activity android:name="com.example.covid19_vaccine_management_system.Signupmain" />
45-->src\main\AndroidManifest.xml:32:9-48
45-->src\main\AndroidManifest.xml:32:19-45
46        <activity android:name="com.example.covid19_vaccine_management_system.LoginMain" />
46-->src\main\AndroidManifest.xml:33:9-47
46-->src\main\AndroidManifest.xml:33:19-44
47        <activity android:name="com.example.covid19_vaccine_management_system.Main_menu" />
47-->src\main\AndroidManifest.xml:34:9-47
47-->src\main\AndroidManifest.xml:34:19-44
48        <activity android:name="com.example.covid19_vaccine_management_system.MainActivity" >
48-->src\main\AndroidManifest.xml:35:9-41:20
48-->src\main\AndroidManifest.xml:35:19-47
49            <intent-filter>
49-->src\main\AndroidManifest.xml:36:13-40:29
50                <action android:name="android.intent.action.MAIN" />
50-->src\main\AndroidManifest.xml:37:17-69
50-->src\main\AndroidManifest.xml:37:25-66
51
52                <category android:name="android.intent.category.LAUNCHER" />
52-->src\main\AndroidManifest.xml:39:17-77
52-->src\main\AndroidManifest.xml:39:27-74
53            </intent-filter>
54        </activity>
55
56        <meta-data
56-->src\main\AndroidManifest.xml:43:9-45:57
57            android:name="preloaded_fonts"
57-->src\main\AndroidManifest.xml:44:13-43
58            android:resource="@array/preloaded_fonts" />
58-->src\main\AndroidManifest.xml:45:13-54
59
60        <service
60-->[com.google.firebase:firebase-database:19.6.0] AndroidManifest.xml:29:9-35:19
61            android:name="com.google.firebase.components.ComponentDiscoveryService"
61-->[com.google.firebase:firebase-database:19.6.0] AndroidManifest.xml:30:13-84
62            android:directBootAware="true"
62-->[com.google.firebase:firebase-common:19.5.0] AndroidManifest.xml:35:13-43
63            android:exported="false" >
63-->[com.google.firebase:firebase-database:19.6.0] AndroidManifest.xml:31:13-37
64            <meta-data
64-->[com.google.firebase:firebase-database:19.6.0] AndroidManifest.xml:32:13-34:85
65                android:name="com.google.firebase.components:com.google.firebase.database.DatabaseRegistrar"
65-->[com.google.firebase:firebase-database:19.6.0] AndroidManifest.xml:33:17-109
66                android:value="com.google.firebase.components.ComponentRegistrar" />
66-->[com.google.firebase:firebase-database:19.6.0] AndroidManifest.xml:34:17-82
67            <meta-data
67-->[com.google.firebase:firebase-auth:20.0.3] AndroidManifest.xml:77:13-79:85
68                android:name="com.google.firebase.components:com.google.firebase.auth.FirebaseAuthRegistrar"
68-->[com.google.firebase:firebase-auth:20.0.3] AndroidManifest.xml:78:17-109
69                android:value="com.google.firebase.components.ComponentRegistrar" />
69-->[com.google.firebase:firebase-auth:20.0.3] AndroidManifest.xml:79:17-82
70            <!--
71                This registrar is not defined in the dynamic-module-support sdk itself to allow non-firebase
72                clients to use it as well, by defining this registrar in their own core/common library.
73            -->
74            <meta-data
74-->[com.google.firebase:firebase-common:19.5.0] AndroidManifest.xml:43:13-45:85
75                android:name="com.google.firebase.components:com.google.firebase.dynamicloading.DynamicLoadingRegistrar"
75-->[com.google.firebase:firebase-common:19.5.0] AndroidManifest.xml:44:17-121
76                android:value="com.google.firebase.components.ComponentRegistrar" />
76-->[com.google.firebase:firebase-common:19.5.0] AndroidManifest.xml:45:17-82
77        </service>
78
79        <activity
79-->[com.google.firebase:firebase-auth:20.0.3] AndroidManifest.xml:27:9-44:20
80            android:name="com.google.firebase.auth.internal.GenericIdpActivity"
80-->[com.google.firebase:firebase-auth:20.0.3] AndroidManifest.xml:28:13-80
81            android:excludeFromRecents="true"
81-->[com.google.firebase:firebase-auth:20.0.3] AndroidManifest.xml:29:13-46
82            android:exported="true"
82-->[com.google.firebase:firebase-auth:20.0.3] AndroidManifest.xml:30:13-36
83            android:launchMode="singleTask"
83-->[com.google.firebase:firebase-auth:20.0.3] AndroidManifest.xml:31:13-44
84            android:theme="@android:style/Theme.Translucent.NoTitleBar" >
84-->[com.google.firebase:firebase-auth:20.0.3] AndroidManifest.xml:32:13-72
85            <intent-filter>
85-->[com.google.firebase:firebase-auth:20.0.3] AndroidManifest.xml:33:13-43:29
86                <action android:name="android.intent.action.VIEW" />
86-->[com.google.firebase:firebase-auth:20.0.3] AndroidManifest.xml:34:17-69
86-->[com.google.firebase:firebase-auth:20.0.3] AndroidManifest.xml:34:25-66
87
88                <category android:name="android.intent.category.DEFAULT" />
88-->[com.google.firebase:firebase-auth:20.0.3] AndroidManifest.xml:36:17-76
88-->[com.google.firebase:firebase-auth:20.0.3] AndroidManifest.xml:36:27-73
89                <category android:name="android.intent.category.BROWSABLE" />
89-->[com.google.firebase:firebase-auth:20.0.3] AndroidManifest.xml:37:17-78
89-->[com.google.firebase:firebase-auth:20.0.3] AndroidManifest.xml:37:27-75
90
91                <data
91-->[com.google.firebase:firebase-auth:20.0.3] AndroidManifest.xml:39:17-42:51
92                    android:host="firebase.auth"
92-->[com.google.firebase:firebase-auth:20.0.3] AndroidManifest.xml:40:21-49
93                    android:path="/"
93-->[com.google.firebase:firebase-auth:20.0.3] AndroidManifest.xml:41:21-37
94                    android:scheme="genericidp" />
94-->[com.google.firebase:firebase-auth:20.0.3] AndroidManifest.xml:42:21-48
95            </intent-filter>
96        </activity>
97        <activity
97-->[com.google.firebase:firebase-auth:20.0.3] AndroidManifest.xml:45:9-62:20
98            android:name="com.google.firebase.auth.internal.RecaptchaActivity"
98-->[com.google.firebase:firebase-auth:20.0.3] AndroidManifest.xml:46:13-79
99            android:excludeFromRecents="true"
99-->[com.google.firebase:firebase-auth:20.0.3] AndroidManifest.xml:47:13-46
100            android:exported="true"
100-->[com.google.firebase:firebase-auth:20.0.3] AndroidManifest.xml:48:13-36
101            android:launchMode="singleTask"
101-->[com.google.firebase:firebase-auth:20.0.3] AndroidManifest.xml:49:13-44
102            android:theme="@android:style/Theme.Translucent.NoTitleBar" >
102-->[com.google.firebase:firebase-auth:20.0.3] AndroidManifest.xml:50:13-72
103            <intent-filter>
103-->[com.google.firebase:firebase-auth:20.0.3] AndroidManifest.xml:51:13-61:29
104                <action android:name="android.intent.action.VIEW" />
104-->[com.google.firebase:firebase-auth:20.0.3] AndroidManifest.xml:34:17-69
104-->[com.google.firebase:firebase-auth:20.0.3] AndroidManifest.xml:34:25-66
105
106                <category android:name="android.intent.category.DEFAULT" />
106-->[com.google.firebase:firebase-auth:20.0.3] AndroidManifest.xml:36:17-76
106-->[com.google.firebase:firebase-auth:20.0.3] AndroidManifest.xml:36:27-73
107                <category android:name="android.intent.category.BROWSABLE" />
107-->[com.google.firebase:firebase-auth:20.0.3] AndroidManifest.xml:37:17-78
107-->[com.google.firebase:firebase-auth:20.0.3] AndroidManifest.xml:37:27-75
108
109                <data
109-->[com.google.firebase:firebase-auth:20.0.3] AndroidManifest.xml:39:17-42:51
110                    android:host="firebase.auth"
110-->[com.google.firebase:firebase-auth:20.0.3] AndroidManifest.xml:40:21-49
111                    android:path="/"
111-->[com.google.firebase:firebase-auth:20.0.3] AndroidManifest.xml:41:21-37
112                    android:scheme="recaptcha" />
112-->[com.google.firebase:firebase-auth:20.0.3] AndroidManifest.xml:42:21-48
113            </intent-filter>
114        </activity>
115
116        <service
116-->[com.google.firebase:firebase-auth:20.0.3] AndroidManifest.xml:64:9-73:19
117            android:name="com.google.firebase.auth.api.fallback.service.FirebaseAuthFallbackService"
117-->[com.google.firebase:firebase-auth:20.0.3] AndroidManifest.xml:65:13-101
118            android:enabled="true"
118-->[com.google.firebase:firebase-auth:20.0.3] AndroidManifest.xml:66:13-35
119            android:exported="false" >
119-->[com.google.firebase:firebase-auth:20.0.3] AndroidManifest.xml:67:13-37
120            <intent-filter>
120-->[com.google.firebase:firebase-auth:20.0.3] AndroidManifest.xml:68:13-72:29
121                <action android:name="com.google.firebase.auth.api.gms.service.START" />
121-->[com.google.firebase:firebase-auth:20.0.3] AndroidManifest.xml:69:17-89
121-->[com.google.firebase:firebase-auth:20.0.3] AndroidManifest.xml:69:25-86
122
123                <category android:name="android.intent.category.DEFAULT" />
123-->[com.google.firebase:firebase-auth:20.0.3] AndroidManifest.xml:36:17-76
123-->[com.google.firebase:firebase-auth:20.0.3] AndroidManifest.xml:36:27-73
124            </intent-filter>
125        </service>
126
127        <provider
127-->[com.google.firebase:firebase-common:19.5.0] AndroidManifest.xml:26:9-31:39
128            android:name="com.google.firebase.provider.FirebaseInitProvider"
128-->[com.google.firebase:firebase-common:19.5.0] AndroidManifest.xml:27:13-77
129            android:authorities="com.example.covid19_vaccine_management_system.firebaseinitprovider"
129-->[com.google.firebase:firebase-common:19.5.0] AndroidManifest.xml:28:13-72
130            android:directBootAware="true"
130-->[com.google.firebase:firebase-common:19.5.0] AndroidManifest.xml:29:13-43
131            android:exported="false"
131-->[com.google.firebase:firebase-common:19.5.0] AndroidManifest.xml:30:13-37
132            android:initOrder="100" />
132-->[com.google.firebase:firebase-common:19.5.0] AndroidManifest.xml:31:13-36
133
134        <activity
134-->[com.google.android.gms:play-services-base:17.1.0] AndroidManifest.xml:23:9-26:75
135            android:name="com.google.android.gms.common.api.GoogleApiActivity"
135-->[com.google.android.gms:play-services-base:17.1.0] AndroidManifest.xml:24:13-79
136            android:exported="false"
136-->[com.google.android.gms:play-services-base:17.1.0] AndroidManifest.xml:25:13-37
137            android:theme="@android:style/Theme.Translucent.NoTitleBar" />
137-->[com.google.android.gms:play-services-base:17.1.0] AndroidManifest.xml:26:13-72
138
139        <meta-data
139-->[com.google.android.gms:play-services-basement:17.1.0] AndroidManifest.xml:23:9-25:69
140            android:name="com.google.android.gms.version"
140-->[com.google.android.gms:play-services-basement:17.1.0] AndroidManifest.xml:24:13-58
141            android:value="@integer/google_play_services_version" />
141-->[com.google.android.gms:play-services-basement:17.1.0] AndroidManifest.xml:25:13-66
142    </application>
143
144</manifest>